<?xml version="1.0" encoding="UTF-8"?>
<testng-results ignored="0" total="10" passed="8" failed="2" skipped="0">
  <reporter-output>
  </reporter-output>
  <suite started-at="2023-10-29T16:54:43 EET" name="All Test Suite" finished-at="2023-10-29T17:05:04 EET" duration-ms="621127">
    <groups>
    </groups>
    <test started-at="2023-10-29T16:54:43 EET" name="Chrome_test" finished-at="2023-10-29T16:59:49 EET" duration-ms="306110">
      <class name="DemoTest.testall">
        <test-method is-config="true" signature="start(java.lang.String)[pri:0, instance:DemoTest.testall@4034c28c]" started-at="2023-10-29T16:54:44 EET" name="start" finished-at="2023-10-29T16:55:57 EET" duration-ms="73172" status="PASS">
          <params>
            <param index="0">
              <value>
                <![CDATA[Chrome]]>
              </value>
            </param>
          </params>
          <reporter-output>
          </reporter-output>
        </test-method> <!-- start -->
        <test-method signature="Add_site_Happy_Senario(java.lang.String,java.lang.String,java.lang.String,java.lang.String,java.lang.String,java.lang.String,java.lang.String)[pri:0, instance:DemoTest.testall@4034c28c]" started-at="2023-10-29T16:55:57 EET" name="Add_site_Happy_Senario" data-provider="exceldata" finished-at="2023-10-29T16:56:56 EET" duration-ms="59176" status="PASS">
          <params>
            <param index="0">
              <value>
                <![CDATA[root@wakeb.com]]>
              </value>
            </param>
            <param index="1">
              <value>
                <![CDATA[123456]]>
              </value>
            </param>
            <param index="2">
              <value>
                <![CDATA[الموقع رقم اثنين]]>
              </value>
            </param>
            <param index="3">
              <value>
                <![CDATA[الموقع رقم اثنين]]>
              </value>
            </param>
            <param index="4">
              <value>
                <![CDATA[,السبت]]>
              </value>
            </param>
            <param index="5">
              <value>
                <![CDATA[الأحد]]>
              </value>
            </param>
            <param index="6">
              <value>
                <![CDATA[11 شلرع الثورة]]>
              </value>
            </param>
          </params>
          <reporter-output>
          </reporter-output>
        </test-method> <!-- Add_site_Happy_Senario -->
        <test-method is-config="true" signature="end(org.testng.ITestResult)[pri:0, instance:DemoTest.testall@4034c28c]" started-at="2023-10-29T16:56:56 EET" name="end" finished-at="2023-10-29T16:57:02 EET" duration-ms="5261" status="PASS">
          <params>
            <param index="0">
              <value>
                <![CDATA[[TestResult name=Add_site_Happy_Senario status=SUCCESS method=testall.Add_site_Happy_Senario(java.lang.String,java.lang.String,java.lang.String,java.lang.String,java.lang.String,java.lang.String,java.lang.String)[pri:0, instance:DemoTest.testall@4034c28c] output={null}]]]>
              </value>
            </param>
          </params>
          <reporter-output>
          </reporter-output>
        </test-method> <!-- end -->
        <test-method is-config="true" signature="start(java.lang.String)[pri:0, instance:DemoTest.testall@4034c28c]" started-at="2023-10-29T16:57:02 EET" name="start" finished-at="2023-10-29T16:57:08 EET" duration-ms="6600" status="PASS">
          <params>
            <param index="0">
              <value>
                <![CDATA[Chrome]]>
              </value>
            </param>
          </params>
          <reporter-output>
          </reporter-output>
        </test-method> <!-- start -->
        <test-method signature="Add_site_Bad_Senario()[pri:0, instance:DemoTest.testall@4034c28c]" started-at="2023-10-29T16:57:08 EET" name="Add_site_Bad_Senario" finished-at="2023-10-29T16:57:35 EET" duration-ms="27135" status="PASS">
          <reporter-output>
          </reporter-output>
        </test-method> <!-- Add_site_Bad_Senario -->
        <test-method is-config="true" signature="end(org.testng.ITestResult)[pri:0, instance:DemoTest.testall@4034c28c]" started-at="2023-10-29T16:57:35 EET" name="end" finished-at="2023-10-29T16:57:41 EET" duration-ms="5371" status="PASS">
          <params>
            <param index="0">
              <value>
                <![CDATA[[TestResult name=Add_site_Bad_Senario status=SUCCESS method=testall.Add_site_Bad_Senario()[pri:0, instance:DemoTest.testall@4034c28c] output={null}]]]>
              </value>
            </param>
          </params>
          <reporter-output>
          </reporter-output>
        </test-method> <!-- end -->
        <test-method is-config="true" signature="start(java.lang.String)[pri:0, instance:DemoTest.testall@4034c28c]" started-at="2023-10-29T16:57:41 EET" name="start" finished-at="2023-10-29T16:58:01 EET" duration-ms="20077" status="PASS">
          <params>
            <param index="0">
              <value>
                <![CDATA[Chrome]]>
              </value>
            </param>
          </params>
          <reporter-output>
          </reporter-output>
        </test-method> <!-- start -->
        <test-method signature="Add_Gate_Happy_Senario()[pri:0, instance:DemoTest.testall@4034c28c]" started-at="2023-10-29T16:58:01 EET" name="Add_Gate_Happy_Senario" finished-at="2023-10-29T16:58:19 EET" duration-ms="18458" status="PASS">
          <reporter-output>
          </reporter-output>
        </test-method> <!-- Add_Gate_Happy_Senario -->
        <test-method is-config="true" signature="end(org.testng.ITestResult)[pri:0, instance:DemoTest.testall@4034c28c]" started-at="2023-10-29T16:58:19 EET" name="end" finished-at="2023-10-29T16:58:24 EET" duration-ms="5199" status="PASS">
          <params>
            <param index="0">
              <value>
                <![CDATA[[TestResult name=Add_Gate_Happy_Senario status=SUCCESS method=testall.Add_Gate_Happy_Senario()[pri:0, instance:DemoTest.testall@4034c28c] output={null}]]]>
              </value>
            </param>
          </params>
          <reporter-output>
          </reporter-output>
        </test-method> <!-- end -->
        <test-method is-config="true" signature="start(java.lang.String)[pri:0, instance:DemoTest.testall@4034c28c]" started-at="2023-10-29T16:58:24 EET" name="start" finished-at="2023-10-29T16:58:53 EET" duration-ms="28311" status="PASS">
          <params>
            <param index="0">
              <value>
                <![CDATA[Chrome]]>
              </value>
            </param>
          </params>
          <reporter-output>
          </reporter-output>
        </test-method> <!-- start -->
        <test-method signature="Add_Gate_Bad_Senario()[pri:0, instance:DemoTest.testall@4034c28c]" started-at="2023-10-29T16:58:53 EET" name="Add_Gate_Bad_Senario" finished-at="2023-10-29T16:59:10 EET" duration-ms="16730" status="PASS">
          <reporter-output>
          </reporter-output>
        </test-method> <!-- Add_Gate_Bad_Senario -->
        <test-method is-config="true" signature="end(org.testng.ITestResult)[pri:0, instance:DemoTest.testall@4034c28c]" started-at="2023-10-29T16:59:10 EET" name="end" finished-at="2023-10-29T16:59:15 EET" duration-ms="5397" status="PASS">
          <params>
            <param index="0">
              <value>
                <![CDATA[[TestResult name=Add_Gate_Bad_Senario status=SUCCESS method=testall.Add_Gate_Bad_Senario()[pri:0, instance:DemoTest.testall@4034c28c] output={null}]]]>
              </value>
            </param>
          </params>
          <reporter-output>
          </reporter-output>
        </test-method> <!-- end -->
        <test-method is-config="true" signature="start(java.lang.String)[pri:0, instance:DemoTest.testall@4034c28c]" started-at="2023-10-29T16:59:15 EET" name="start" finished-at="2023-10-29T16:59:23 EET" duration-ms="7752" status="PASS">
          <params>
            <param index="0">
              <value>
                <![CDATA[Chrome]]>
              </value>
            </param>
          </params>
          <reporter-output>
          </reporter-output>
        </test-method> <!-- start -->
        <test-method signature="Visiting_approval_happy_Senario()[pri:0, instance:DemoTest.testall@4034c28c]" started-at="2023-10-29T16:59:23 EET" name="Visiting_approval_happy_Senario" finished-at="2023-10-29T16:59:44 EET" duration-ms="21329" status="FAIL">
          <exception class="org.openqa.selenium.ElementClickInterceptedException">
            <message>
              <![CDATA[element click intercepted: Element <button type="button" class="btn btn-primary" id="submitVisitForm">...</button> is not clickable at point (1345, 676). Other element would receive the click: <div class="modal fade show" id="create_visitor_modal" tabindex="-1" role="dialog" aria-labelledby="staticBackdrop" aria-modal="true" style="padding-right: 17px; display: block;">...</div>
  (Session info: chrome=118.0.5993.118)
Build info: version: '4.13.0', revision: 'ba948ece5b*'
System info: os.name: 'Windows 11', os.arch: 'amd64', os.version: '10.0', java.version: '21'
Driver info: org.openqa.selenium.chrome.ChromeDriver
Command: [8ca30d824a118dc235f58da9674ef174, clickElement {id=4428AB4D20B23BAB14AB7B60689861C8_element_457}]
Capabilities {acceptInsecureCerts: false, browserName: chrome, browserVersion: 118.0.5993.118, chrome: {chromedriverVersion: 118.0.5993.70 (e52f33f30b91..., userDataDir: C:\Users\front\AppData\Loca...}, fedcm:accounts: true, goog:chromeOptions: {debuggerAddress: localhost:61634}, networkConnectionEnabled: false, pageLoadStrategy: normal, platformName: windows, proxy: Proxy(), se:cdp: ws://localhost:61634/devtoo..., se:cdpVersion: 118.0.5993.118, setWindowRect: true, strictFileInteractability: false, timeouts: {implicit: 0, pageLoad: 300000, script: 30000}, unhandledPromptBehavior: dismiss and notify, webauthn:extension:credBlob: true, webauthn:extension:largeBlob: true, webauthn:extension:minPinLength: true, webauthn:extension:prf: true, webauthn:virtualAuthenticators: true}
Element: [[ChromeDriver: chrome on windows (8ca30d824a118dc235f58da9674ef174)] -> id: submitVisitForm]
Session ID: 8ca30d824a118dc235f58da9674ef174]]>
            </message>
            <full-stacktrace>
                <![CDATA[org.openqa.selenium.ElementClickInterceptedException: element click intercepted: Element <button type="button" class="btn btn-primary" id="submitVisitForm">...</button> is not clickable at point (1345, 676). Other element would receive the click: <div class="modal fade show" id="create_visitor_modal" tabindex="-1" role="dialog" aria-labelledby="staticBackdrop" aria-modal="true" style="padding-right: 17px; display: block;">...</div>
  (Session info: chrome=118.0.5993.118)
Build info: version: '4.13.0', revision: 'ba948ece5b*'
System info: os.name: 'Windows 11', os.arch: 'amd64', os.version: '10.0', java.version: '21'
Driver info: org.openqa.selenium.chrome.ChromeDriver
Command: [8ca30d824a118dc235f58da9674ef174, clickElement {id=4428AB4D20B23BAB14AB7B60689861C8_element_457}]
Capabilities {acceptInsecureCerts: false, browserName: chrome, browserVersion: 118.0.5993.118, chrome: {chromedriverVersion: 118.0.5993.70 (e52f33f30b91..., userDataDir: C:\Users\front\AppData\Loca...}, fedcm:accounts: true, goog:chromeOptions: {debuggerAddress: localhost:61634}, networkConnectionEnabled: false, pageLoadStrategy: normal, platformName: windows, proxy: Proxy(), se:cdp: ws://localhost:61634/devtoo..., se:cdpVersion: 118.0.5993.118, setWindowRect: true, strictFileInteractability: false, timeouts: {implicit: 0, pageLoad: 300000, script: 30000}, unhandledPromptBehavior: dismiss and notify, webauthn:extension:credBlob: true, webauthn:extension:largeBlob: true, webauthn:extension:minPinLength: true, webauthn:extension:prf: true, webauthn:virtualAuthenticators: true}
Element: [[ChromeDriver: chrome on windows (8ca30d824a118dc235f58da9674ef174)] -> id: submitVisitForm]
Session ID: 8ca30d824a118dc235f58da9674ef174
at java.base/jdk.internal.reflect.DirectConstructorHandleAccessor.newInstance(DirectConstructorHandleAccessor.java:62)
at java.base/java.lang.reflect.Constructor.newInstanceWithCaller(Constructor.java:502)
at java.base/java.lang.reflect.Constructor.newInstance(Constructor.java:486)
at org.openqa.selenium.remote.codec.w3c.W3CHttpResponseCodec.createException(W3CHttpResponseCodec.java:200)
at org.openqa.selenium.remote.codec.w3c.W3CHttpResponseCodec.decode(W3CHttpResponseCodec.java:133)
at org.openqa.selenium.remote.codec.w3c.W3CHttpResponseCodec.decode(W3CHttpResponseCodec.java:52)
at org.openqa.selenium.remote.HttpCommandExecutor.execute(HttpCommandExecutor.java:191)
at org.openqa.selenium.remote.service.DriverCommandExecutor.invokeExecute(DriverCommandExecutor.java:196)
at org.openqa.selenium.remote.service.DriverCommandExecutor.execute(DriverCommandExecutor.java:171)
at org.openqa.selenium.remote.RemoteWebDriver.execute(RemoteWebDriver.java:602)
at org.openqa.selenium.remote.RemoteWebElement.execute(RemoteWebElement.java:224)
at org.openqa.selenium.remote.RemoteWebElement.click(RemoteWebElement.java:77)
at Pages.B4_Visits_requests_ADD_p.submitVisitForm(B4_Visits_p.java:127)
at DemoTest.testall.Visiting_approval_happy_Senario(testall.java:173)
at java.base/jdk.internal.reflect.DirectMethodHandleAccessor.invoke(DirectMethodHandleAccessor.java:103)
at java.base/java.lang.reflect.Method.invoke(Method.java:580)
at org.testng.internal.invokers.MethodInvocationHelper.invokeMethod(MethodInvocationHelper.java:139)
at org.testng.internal.invokers.TestInvoker.invokeMethod(TestInvoker.java:664)
at org.testng.internal.invokers.TestInvoker.invokeTestMethod(TestInvoker.java:227)
at org.testng.internal.invokers.MethodRunner.runInSequence(MethodRunner.java:50)
at org.testng.internal.invokers.TestInvoker$MethodInvocationAgent.invoke(TestInvoker.java:957)
at org.testng.internal.invokers.TestInvoker.invokeTestMethods(TestInvoker.java:200)
at org.testng.internal.invokers.TestMethodWorker.invokeTestMethods(TestMethodWorker.java:148)
at org.testng.internal.invokers.TestMethodWorker.run(TestMethodWorker.java:128)
at java.base/java.util.ArrayList.forEach(ArrayList.java:1596)
at org.testng.TestRunner.privateRun(TestRunner.java:848)
at org.testng.TestRunner.run(TestRunner.java:621)
at org.testng.SuiteRunner.runTest(SuiteRunner.java:443)
at org.testng.SuiteRunner.runSequentially(SuiteRunner.java:437)
at org.testng.SuiteRunner.privateRun(SuiteRunner.java:397)
at org.testng.SuiteRunner.run(SuiteRunner.java:336)
at org.testng.SuiteRunnerWorker.runSuite(SuiteRunnerWorker.java:52)
at org.testng.SuiteRunnerWorker.run(SuiteRunnerWorker.java:95)
at org.testng.TestNG.runSuitesSequentially(TestNG.java:1280)
at org.testng.TestNG.runSuitesLocally(TestNG.java:1200)
at org.testng.TestNG.runSuites(TestNG.java:1114)
at org.testng.TestNG.run(TestNG.java:1082)
at com.intellij.rt.testng.IDEARemoteTestNG.run(IDEARemoteTestNG.java:66)
at com.intellij.rt.testng.RemoteTestNGStarter.main(RemoteTestNGStarter.java:105)
]]>
            </full-stacktrace>
          </exception> <!-- org.openqa.selenium.ElementClickInterceptedException -->
          <reporter-output>
          </reporter-output>
        </test-method> <!-- Visiting_approval_happy_Senario -->
        <test-method is-config="true" signature="end(org.testng.ITestResult)[pri:0, instance:DemoTest.testall@4034c28c]" started-at="2023-10-29T16:59:44 EET" name="end" finished-at="2023-10-29T16:59:49 EET" duration-ms="5461" status="PASS">
          <params>
            <param index="0">
              <value>
                <![CDATA[[TestResult name=Visiting_approval_happy_Senario status=FAILURE method=testall.Visiting_approval_happy_Senario()[pri:0, instance:DemoTest.testall@4034c28c] output={null}]]]>
              </value>
            </param>
          </params>
          <reporter-output>
          </reporter-output>
        </test-method> <!-- end -->
      </class> <!-- DemoTest.testall -->
    </test> <!-- Chrome_test -->
    <test started-at="2023-10-29T16:59:49 EET" name="Edge_test" finished-at="2023-10-29T17:05:04 EET" duration-ms="314983">
      <class name="DemoTest.testall">
        <test-method is-config="true" signature="start(java.lang.String)[pri:0, instance:DemoTest.testall@ec756bd]" started-at="2023-10-29T16:59:50 EET" name="start" finished-at="2023-10-29T17:00:17 EET" duration-ms="26970" status="PASS">
          <params>
            <param index="0">
              <value>
                <![CDATA[Edge]]>
              </value>
            </param>
          </params>
          <reporter-output>
          </reporter-output>
        </test-method> <!-- start -->
        <test-method signature="Add_site_Happy_Senario(java.lang.String,java.lang.String,java.lang.String,java.lang.String,java.lang.String,java.lang.String,java.lang.String)[pri:0, instance:DemoTest.testall@ec756bd]" started-at="2023-10-29T17:00:17 EET" name="Add_site_Happy_Senario" data-provider="exceldata" finished-at="2023-10-29T17:00:54 EET" duration-ms="37036" status="PASS">
          <params>
            <param index="0">
              <value>
                <![CDATA[root@wakeb.com]]>
              </value>
            </param>
            <param index="1">
              <value>
                <![CDATA[123456]]>
              </value>
            </param>
            <param index="2">
              <value>
                <![CDATA[الموقع رقم اثنين]]>
              </value>
            </param>
            <param index="3">
              <value>
                <![CDATA[الموقع رقم اثنين]]>
              </value>
            </param>
            <param index="4">
              <value>
                <![CDATA[,السبت]]>
              </value>
            </param>
            <param index="5">
              <value>
                <![CDATA[الأحد]]>
              </value>
            </param>
            <param index="6">
              <value>
                <![CDATA[11 شلرع الثورة]]>
              </value>
            </param>
          </params>
          <reporter-output>
          </reporter-output>
        </test-method> <!-- Add_site_Happy_Senario -->
        <test-method is-config="true" signature="end(org.testng.ITestResult)[pri:0, instance:DemoTest.testall@ec756bd]" started-at="2023-10-29T17:00:54 EET" name="end" finished-at="2023-10-29T17:00:59 EET" duration-ms="5368" status="PASS">
          <params>
            <param index="0">
              <value>
                <![CDATA[[TestResult name=Add_site_Happy_Senario status=SUCCESS method=testall.Add_site_Happy_Senario(java.lang.String,java.lang.String,java.lang.String,java.lang.String,java.lang.String,java.lang.String,java.lang.String)[pri:0, instance:DemoTest.testall@ec756bd] output={null}]]]>
              </value>
            </param>
          </params>
          <reporter-output>
          </reporter-output>
        </test-method> <!-- end -->
        <test-method is-config="true" signature="start(java.lang.String)[pri:0, instance:DemoTest.testall@ec756bd]" started-at="2023-10-29T17:00:59 EET" name="start" finished-at="2023-10-29T17:01:16 EET" duration-ms="17322" status="PASS">
          <params>
            <param index="0">
              <value>
                <![CDATA[Edge]]>
              </value>
            </param>
          </params>
          <reporter-output>
          </reporter-output>
        </test-method> <!-- start -->
        <test-method signature="Add_site_Bad_Senario()[pri:0, instance:DemoTest.testall@ec756bd]" started-at="2023-10-29T17:01:16 EET" name="Add_site_Bad_Senario" finished-at="2023-10-29T17:01:37 EET" duration-ms="20571" status="PASS">
          <reporter-output>
          </reporter-output>
        </test-method> <!-- Add_site_Bad_Senario -->
        <test-method is-config="true" signature="end(org.testng.ITestResult)[pri:0, instance:DemoTest.testall@ec756bd]" started-at="2023-10-29T17:01:37 EET" name="end" finished-at="2023-10-29T17:01:42 EET" duration-ms="5356" status="PASS">
          <params>
            <param index="0">
              <value>
                <![CDATA[[TestResult name=Add_site_Bad_Senario status=SUCCESS method=testall.Add_site_Bad_Senario()[pri:0, instance:DemoTest.testall@ec756bd] output={null}]]]>
              </value>
            </param>
          </params>
          <reporter-output>
          </reporter-output>
        </test-method> <!-- end -->
        <test-method is-config="true" signature="start(java.lang.String)[pri:0, instance:DemoTest.testall@ec756bd]" started-at="2023-10-29T17:01:42 EET" name="start" finished-at="2023-10-29T17:01:52 EET" duration-ms="10206" status="PASS">
          <params>
            <param index="0">
              <value>
                <![CDATA[Edge]]>
              </value>
            </param>
          </params>
          <reporter-output>
          </reporter-output>
        </test-method> <!-- start -->
        <test-method signature="Add_Gate_Happy_Senario()[pri:0, instance:DemoTest.testall@ec756bd]" started-at="2023-10-29T17:01:52 EET" name="Add_Gate_Happy_Senario" finished-at="2023-10-29T17:02:10 EET" duration-ms="17466" status="PASS">
          <reporter-output>
          </reporter-output>
        </test-method> <!-- Add_Gate_Happy_Senario -->
        <test-method is-config="true" signature="end(org.testng.ITestResult)[pri:0, instance:DemoTest.testall@ec756bd]" started-at="2023-10-29T17:02:10 EET" name="end" finished-at="2023-10-29T17:02:15 EET" duration-ms="5393" status="PASS">
          <params>
            <param index="0">
              <value>
                <![CDATA[[TestResult name=Add_Gate_Happy_Senario status=SUCCESS method=testall.Add_Gate_Happy_Senario()[pri:0, instance:DemoTest.testall@ec756bd] output={null}]]]>
              </value>
            </param>
          </params>
          <reporter-output>
          </reporter-output>
        </test-method> <!-- end -->
        <test-method is-config="true" signature="start(java.lang.String)[pri:0, instance:DemoTest.testall@ec756bd]" started-at="2023-10-29T17:02:15 EET" name="start" finished-at="2023-10-29T17:03:14 EET" duration-ms="58738" status="PASS">
          <params>
            <param index="0">
              <value>
                <![CDATA[Edge]]>
              </value>
            </param>
          </params>
          <reporter-output>
          </reporter-output>
        </test-method> <!-- start -->
        <test-method signature="Add_Gate_Bad_Senario()[pri:0, instance:DemoTest.testall@ec756bd]" started-at="2023-10-29T17:03:14 EET" name="Add_Gate_Bad_Senario" finished-at="2023-10-29T17:03:32 EET" duration-ms="17900" status="PASS">
          <reporter-output>
          </reporter-output>
        </test-method> <!-- Add_Gate_Bad_Senario -->
        <test-method is-config="true" signature="end(org.testng.ITestResult)[pri:0, instance:DemoTest.testall@ec756bd]" started-at="2023-10-29T17:03:32 EET" name="end" finished-at="2023-10-29T17:03:37 EET" duration-ms="5386" status="PASS">
          <params>
            <param index="0">
              <value>
                <![CDATA[[TestResult name=Add_Gate_Bad_Senario status=SUCCESS method=testall.Add_Gate_Bad_Senario()[pri:0, instance:DemoTest.testall@ec756bd] output={null}]]]>
              </value>
            </param>
          </params>
          <reporter-output>
          </reporter-output>
        </test-method> <!-- end -->
        <test-method is-config="true" signature="start(java.lang.String)[pri:0, instance:DemoTest.testall@ec756bd]" started-at="2023-10-29T17:03:37 EET" name="start" finished-at="2023-10-29T17:04:41 EET" duration-ms="63880" status="PASS">
          <params>
            <param index="0">
              <value>
                <![CDATA[Edge]]>
              </value>
            </param>
          </params>
          <reporter-output>
          </reporter-output>
        </test-method> <!-- start -->
        <test-method signature="Visiting_approval_happy_Senario()[pri:0, instance:DemoTest.testall@ec756bd]" started-at="2023-10-29T17:04:41 EET" name="Visiting_approval_happy_Senario" finished-at="2023-10-29T17:04:59 EET" duration-ms="17810" status="FAIL">
          <exception class="org.openqa.selenium.ElementClickInterceptedException">
            <message>
              <![CDATA[element click intercepted: Element <button type="button" class="btn btn-primary" id="submitVisitForm">...</button> is not clickable at point (1297, 676). Other element would receive the click: <div class="modal fade show" id="create_visitor_modal" tabindex="-1" role="dialog" aria-labelledby="staticBackdrop" aria-modal="true" style="padding-right: 15px; display: block;">...</div>
  (Session info: MicrosoftEdge=118.0.2088.76)
Build info: version: '4.13.0', revision: 'ba948ece5b*'
System info: os.name: 'Windows 11', os.arch: 'amd64', os.version: '10.0', java.version: '21'
Driver info: org.openqa.selenium.edge.EdgeDriver
Command: [f64f4f7ddf5174323352f4114f463972, clickElement {id=8AC53865A15AADE7EA6D2C0F7C7CDCF6_element_468}]
Capabilities {acceptInsecureCerts: false, browserName: msedge, browserVersion: 118.0.2088.76, fedcm:accounts: true, ms:edgeOptions: {debuggerAddress: localhost:54967}, msedge: {msedgedriverVersion: 118.0.2088.76 (d3ddcf1d51d5..., userDataDir: C:\Users\front\AppData\Loca...}, networkConnectionEnabled: false, pageLoadStrategy: normal, platformName: windows, proxy: Proxy(), se:cdp: ws://localhost:54967/devtoo..., se:cdpVersion: 118.0.2088.76, setWindowRect: true, strictFileInteractability: false, timeouts: {implicit: 0, pageLoad: 300000, script: 30000}, unhandledPromptBehavior: dismiss and notify, webauthn:extension:credBlob: true, webauthn:extension:largeBlob: true, webauthn:extension:minPinLength: true, webauthn:extension:prf: true, webauthn:virtualAuthenticators: true}
Element: [[EdgeDriver: msedge on windows (f64f4f7ddf5174323352f4114f463972)] -> id: submitVisitForm]
Session ID: f64f4f7ddf5174323352f4114f463972]]>
            </message>
            <full-stacktrace>
                <![CDATA[org.openqa.selenium.ElementClickInterceptedException: element click intercepted: Element <button type="button" class="btn btn-primary" id="submitVisitForm">...</button> is not clickable at point (1297, 676). Other element would receive the click: <div class="modal fade show" id="create_visitor_modal" tabindex="-1" role="dialog" aria-labelledby="staticBackdrop" aria-modal="true" style="padding-right: 15px; display: block;">...</div>
  (Session info: MicrosoftEdge=118.0.2088.76)
Build info: version: '4.13.0', revision: 'ba948ece5b*'
System info: os.name: 'Windows 11', os.arch: 'amd64', os.version: '10.0', java.version: '21'
Driver info: org.openqa.selenium.edge.EdgeDriver
Command: [f64f4f7ddf5174323352f4114f463972, clickElement {id=8AC53865A15AADE7EA6D2C0F7C7CDCF6_element_468}]
Capabilities {acceptInsecureCerts: false, browserName: msedge, browserVersion: 118.0.2088.76, fedcm:accounts: true, ms:edgeOptions: {debuggerAddress: localhost:54967}, msedge: {msedgedriverVersion: 118.0.2088.76 (d3ddcf1d51d5..., userDataDir: C:\Users\front\AppData\Loca...}, networkConnectionEnabled: false, pageLoadStrategy: normal, platformName: windows, proxy: Proxy(), se:cdp: ws://localhost:54967/devtoo..., se:cdpVersion: 118.0.2088.76, setWindowRect: true, strictFileInteractability: false, timeouts: {implicit: 0, pageLoad: 300000, script: 30000}, unhandledPromptBehavior: dismiss and notify, webauthn:extension:credBlob: true, webauthn:extension:largeBlob: true, webauthn:extension:minPinLength: true, webauthn:extension:prf: true, webauthn:virtualAuthenticators: true}
Element: [[EdgeDriver: msedge on windows (f64f4f7ddf5174323352f4114f463972)] -> id: submitVisitForm]
Session ID: f64f4f7ddf5174323352f4114f463972
at java.base/jdk.internal.reflect.DirectConstructorHandleAccessor.newInstance(DirectConstructorHandleAccessor.java:62)
at java.base/java.lang.reflect.Constructor.newInstanceWithCaller(Constructor.java:502)
at java.base/java.lang.reflect.Constructor.newInstance(Constructor.java:486)
at org.openqa.selenium.remote.codec.w3c.W3CHttpResponseCodec.createException(W3CHttpResponseCodec.java:200)
at org.openqa.selenium.remote.codec.w3c.W3CHttpResponseCodec.decode(W3CHttpResponseCodec.java:133)
at org.openqa.selenium.remote.codec.w3c.W3CHttpResponseCodec.decode(W3CHttpResponseCodec.java:52)
at org.openqa.selenium.remote.HttpCommandExecutor.execute(HttpCommandExecutor.java:191)
at org.openqa.selenium.remote.service.DriverCommandExecutor.invokeExecute(DriverCommandExecutor.java:196)
at org.openqa.selenium.remote.service.DriverCommandExecutor.execute(DriverCommandExecutor.java:171)
at org.openqa.selenium.remote.RemoteWebDriver.execute(RemoteWebDriver.java:602)
at org.openqa.selenium.remote.RemoteWebElement.execute(RemoteWebElement.java:224)
at org.openqa.selenium.remote.RemoteWebElement.click(RemoteWebElement.java:77)
at Pages.B4_Visits_requests_ADD_p.submitVisitForm(B4_Visits_p.java:127)
at DemoTest.testall.Visiting_approval_happy_Senario(testall.java:173)
at java.base/jdk.internal.reflect.DirectMethodHandleAccessor.invoke(DirectMethodHandleAccessor.java:103)
at java.base/java.lang.reflect.Method.invoke(Method.java:580)
at org.testng.internal.invokers.MethodInvocationHelper.invokeMethod(MethodInvocationHelper.java:139)
at org.testng.internal.invokers.TestInvoker.invokeMethod(TestInvoker.java:664)
at org.testng.internal.invokers.TestInvoker.invokeTestMethod(TestInvoker.java:227)
at org.testng.internal.invokers.MethodRunner.runInSequence(MethodRunner.java:50)
at org.testng.internal.invokers.TestInvoker$MethodInvocationAgent.invoke(TestInvoker.java:957)
at org.testng.internal.invokers.TestInvoker.invokeTestMethods(TestInvoker.java:200)
at org.testng.internal.invokers.TestMethodWorker.invokeTestMethods(TestMethodWorker.java:148)
at org.testng.internal.invokers.TestMethodWorker.run(TestMethodWorker.java:128)
at java.base/java.util.ArrayList.forEach(ArrayList.java:1596)
at org.testng.TestRunner.privateRun(TestRunner.java:848)
at org.testng.TestRunner.run(TestRunner.java:621)
at org.testng.SuiteRunner.runTest(SuiteRunner.java:443)
at org.testng.SuiteRunner.runSequentially(SuiteRunner.java:437)
at org.testng.SuiteRunner.privateRun(SuiteRunner.java:397)
at org.testng.SuiteRunner.run(SuiteRunner.java:336)
at org.testng.SuiteRunnerWorker.runSuite(SuiteRunnerWorker.java:52)
at org.testng.SuiteRunnerWorker.run(SuiteRunnerWorker.java:95)
at org.testng.TestNG.runSuitesSequentially(TestNG.java:1280)
at org.testng.TestNG.runSuitesLocally(TestNG.java:1200)
at org.testng.TestNG.runSuites(TestNG.java:1114)
at org.testng.TestNG.run(TestNG.java:1082)
at com.intellij.rt.testng.IDEARemoteTestNG.run(IDEARemoteTestNG.java:66)
at com.intellij.rt.testng.RemoteTestNGStarter.main(RemoteTestNGStarter.java:105)
]]>
            </full-stacktrace>
          </exception> <!-- org.openqa.selenium.ElementClickInterceptedException -->
          <reporter-output>
          </reporter-output>
        </test-method> <!-- Visiting_approval_happy_Senario -->
        <test-method is-config="true" signature="end(org.testng.ITestResult)[pri:0, instance:DemoTest.testall@ec756bd]" started-at="2023-10-29T17:04:59 EET" name="end" finished-at="2023-10-29T17:05:04 EET" duration-ms="5508" status="PASS">
          <params>
            <param index="0">
              <value>
                <![CDATA[[TestResult name=Visiting_approval_happy_Senario status=FAILURE method=testall.Visiting_approval_happy_Senario()[pri:0, instance:DemoTest.testall@ec756bd] output={null}]]]>
              </value>
            </param>
          </params>
          <reporter-output>
          </reporter-output>
        </test-method> <!-- end -->
      </class> <!-- DemoTest.testall -->
    </test> <!-- Edge_test -->
  </suite> <!-- All Test Suite -->
</testng-results>
